Determining if the pthread_create exist failed with the following output:
Change Dir: /home/sp/sp__ws/sp_armor/build/CMakeFiles/CMakeTmp

Run Build Command:"/usr/bin/make" "cmTC_839a0/fast"
/usr/bin/make -f CMakeFiles/cmTC_839a0.dir/build.make CMakeFiles/cmTC_839a0.dir/build
make[1]: Entering directory '/home/sp/sp__ws/sp_armor/build/CMakeFiles/CMakeTmp'
Building C object CMakeFiles/cmTC_839a0.dir/CheckSymbolExists.c.o
/usr/bin/cc    -o CMakeFiles/cmTC_839a0.dir/CheckSymbolExists.c.o   -c /home/sp/sp__ws/sp_armor/build/CMakeFiles/CMakeTmp/CheckSymbolExists.c
Linking C executable cmTC_839a0
/usr/bin/cmake -E cmake_link_script CMakeFiles/cmTC_839a0.dir/link.txt --verbose=1
/usr/bin/cc      -rdynamic CMakeFiles/cmTC_839a0.dir/CheckSymbolExists.c.o  -o cmTC_839a0 
CMakeFiles/cmTC_839a0.dir/CheckSymbolExists.c.o: In function `main':
CheckSymbolExists.c:(.text+0x1b): undefined reference to `pthread_create'
collect2: error: ld returned 1 exit status
CMakeFiles/cmTC_839a0.dir/build.make:97: recipe for target 'cmTC_839a0' failed
make[1]: *** [cmTC_839a0] Error 1
make[1]: Leaving directory '/home/sp/sp__ws/sp_armor/build/CMakeFiles/CMakeTmp'
Makefile:126: recipe for target 'cmTC_839a0/fast' failed
make: *** [cmTC_839a0/fast] Error 2

File /home/sp/sp__ws/sp_armor/build/CMakeFiles/CMakeTmp/CheckSymbolExists.c:
/* */
#include <pthread.h>

int main(int argc, char** argv)
{
  (void)argv;
#ifndef pthread_create
  return ((int*)(&pthread_create))[argc];
#else
  (void)argc;
  return 0;
#endif
}

Determining if the function pthread_create exists in the pthreads failed with the following output:
Change Dir: /home/sp/sp__ws/sp_armor/build/CMakeFiles/CMakeTmp

Run Build Command:"/usr/bin/make" "cmTC_2ac56/fast"
/usr/bin/make -f CMakeFiles/cmTC_2ac56.dir/build.make CMakeFiles/cmTC_2ac56.dir/build
make[1]: Entering directory '/home/sp/sp__ws/sp_armor/build/CMakeFiles/CMakeTmp'
Building C object CMakeFiles/cmTC_2ac56.dir/CheckFunctionExists.c.o
/usr/bin/cc   -DCHECK_FUNCTION_EXISTS=pthread_create   -o CMakeFiles/cmTC_2ac56.dir/CheckFunctionExists.c.o   -c /usr/share/cmake-3.10/Modules/CheckFunctionExists.c
Linking C executable cmTC_2ac56
/usr/bin/cmake -E cmake_link_script CMakeFiles/cmTC_2ac56.dir/link.txt --verbose=1
/usr/bin/cc  -DCHECK_FUNCTION_EXISTS=pthread_create    -rdynamic CMakeFiles/cmTC_2ac56.dir/CheckFunctionExists.c.o  -o cmTC_2ac56 -lpthreads 
/usr/bin/ld: cannot find -lpthreads
collect2: error: ld returned 1 exit status
CMakeFiles/cmTC_2ac56.dir/build.make:97: recipe for target 'cmTC_2ac56' failed
make[1]: *** [cmTC_2ac56] Error 1
make[1]: Leaving directory '/home/sp/sp__ws/sp_armor/build/CMakeFiles/CMakeTmp'
Makefile:126: recipe for target 'cmTC_2ac56/fast' failed
make: *** [cmTC_2ac56/fast] Error 2


